<?xml version="1.0" encoding="UTF-8"?>
<!-- Generated by org.testng.reporters.JUnitReportReporter -->
<testsuite skipped="0" hostname="DESKTOP-VNUEGKJ" name="com.sample.Sample" tests="6" failures="0" timestamp="16 Jun 2022 07:39:36 GMT" time="28.699" errors="0">
  <testcase name="login" time="4.846" classname="com.sample.Sample"/>
  <testcase name="searchHotel" time="3.875" classname="com.sample.Sample"/>
  <testcase name="selectHotel" time="2.642" classname="com.sample.Sample"/>
  <testcase name="bookingHotel" time="1.600" classname="com.sample.Sample"/>
  <testcase name="bookingConfirm" time="12.258" classname="com.sample.Sample"/>
  <testcase name="cancel" time="3.478" classname="com.sample.Sample"/>
</testsuite> <!-- com.sample.Sample -->
