<?xml version="1.0" encoding="UTF-8"?>
<!-- Generated by org.testng.reporters.JUnitReportReporter -->
<testsuite skipped="2" hostname="DESKTOP-VNUEGKJ" name="com.testngdemo.Demo1" tests="4" failures="0" timestamp="07 Jul 2022 14:07:27 GMT" time="0.022" errors="0">
  <testcase name="method1" time="0.000" classname="com.testngdemo.Demo1"/>
  <testcase name="method1" time="0.012" classname="com.testngdemo.Demo1">
    <skipped/>
  </testcase> <!-- method1 -->
  <testcase name="method1" time="0.000" classname="com.testngdemo.Demo1">
    <skipped/>
  </testcase> <!-- method1 -->
  <testcase name="method2" time="0.010" classname="com.testngdemo.Demo1"/>
</testsuite> <!-- com.testngdemo.Demo1 -->
