<?xml version="1.0" encoding="UTF-8"?>
<!-- Generated by org.testng.reporters.JUnitReportReporter -->
<testsuite skipped="0" hostname="DESKTOP-VNUEGKJ" name="com.sample.TestNGsample" tests="3" failures="0" timestamp="11 Jun 2022 02:37:05 GMT" time="0.059" errors="0">
  <testcase name="ac" time="0.018" classname="com.sample.TestNGsample"/>
  <testcase name="ab" time="0.023" classname="com.sample.TestNGsample"/>
  <testcase name="aa" time="0.018" classname="com.sample.TestNGsample"/>
</testsuite> <!-- com.sample.TestNGsample -->
