<?xml version="1.0" encoding="UTF-8"?>
<!-- Generated by org.testng.reporters.JUnitReportReporter -->
<testsuite skipped="0" hostname="DESKTOP-VNUEGKJ" name="com.testngdemo.Demo" tests="1" failures="0" timestamp="12 Jun 2022 16:54:32 GMT" time="28.508" errors="0">
  <testcase name="testCase" time="28.508" classname="com.testngdemo.Demo"/>
</testsuite> <!-- com.testngdemo.Demo -->
